c:\users\cyber_user\source\repos\omersbrowserprotocol\webbrowserfood\x64\debug\vc142.pdb
c:\users\cyber_user\source\repos\omersbrowserprotocol\webbrowserfood\x64\debug\vc142.idb
c:\users\cyber_user\source\repos\omersbrowserprotocol\webbrowserfood\x64\debug\prog.obj
c:\users\cyber_user\source\repos\omersbrowserprotocol\webbrowserfood\x64\debug\handlesocket.obj
c:\users\cyber_user\source\repos\omersbrowserprotocol\webbrowserfood\x64\debug\handlevisual.obj
c:\users\cyber_user\source\repos\omersbrowserprotocol\webbrowserfood\x64\debug\handlevideo.obj
c:\users\cyber_user\source\repos\omersbrowserprotocol\x64\debug\webbrowserfood.pdb
c:\users\cyber_user\source\repos\omersbrowserprotocol\webbrowserfood\x64\debug\webbrowserfood.tlog\cl.command.1.tlog
c:\users\cyber_user\source\repos\omersbrowserprotocol\webbrowserfood\x64\debug\webbrowserfood.tlog\cl.read.1.tlog
c:\users\cyber_user\source\repos\omersbrowserprotocol\webbrowserfood\x64\debug\webbrowserfood.tlog\cl.write.1.tlog
c:\users\cyber_user\source\repos\omersbrowserprotocol\webbrowserfood\x64\debug\webbrowserfood.tlog\link-cvtres.read.1.tlog
c:\users\cyber_user\source\repos\omersbrowserprotocol\webbrowserfood\x64\debug\webbrowserfood.tlog\link-cvtres.write.1.tlog
c:\users\cyber_user\source\repos\omersbrowserprotocol\webbrowserfood\x64\debug\webbrowserfood.tlog\link-rc.read.1.tlog
c:\users\cyber_user\source\repos\omersbrowserprotocol\webbrowserfood\x64\debug\webbrowserfood.tlog\link-rc.write.1.tlog
c:\users\cyber_user\source\repos\omersbrowserprotocol\webbrowserfood\x64\debug\webbrowserfood.tlog\link.28136-cvtres.read.1.tlog
c:\users\cyber_user\source\repos\omersbrowserprotocol\webbrowserfood\x64\debug\webbrowserfood.tlog\link.28136-cvtres.write.1.tlog
c:\users\cyber_user\source\repos\omersbrowserprotocol\webbrowserfood\x64\debug\webbrowserfood.tlog\link.28136-rc.read.1.tlog
c:\users\cyber_user\source\repos\omersbrowserprotocol\webbrowserfood\x64\debug\webbrowserfood.tlog\link.28136-rc.write.1.tlog
c:\users\cyber_user\source\repos\omersbrowserprotocol\webbrowserfood\x64\debug\webbrowserfood.tlog\link.28136.read.1.tlog
c:\users\cyber_user\source\repos\omersbrowserprotocol\webbrowserfood\x64\debug\webbrowserfood.tlog\link.28136.write.1.tlog
c:\users\cyber_user\source\repos\omersbrowserprotocol\webbrowserfood\x64\debug\webbrowserfood.tlog\link.command.1.tlog
c:\users\cyber_user\source\repos\omersbrowserprotocol\webbrowserfood\x64\debug\webbrowserfood.tlog\link.read.1.tlog
c:\users\cyber_user\source\repos\omersbrowserprotocol\webbrowserfood\x64\debug\webbrowserfood.tlog\link.write.1.tlog
